make all --print-data-base --no-builtin-variables --no-builtin-rules --question
make: *** No rule to make target 'gameMenu.o', needed by 'all'.  Stop.

# GNU Make 4.3
# Built for x86_64-pc-linux-gnu
# Copyright (C) 1988-2020 Free Software Foundation, Inc.
# License GPLv3+: GNU GPL version 3 or later <http://gnu.org/licenses/gpl.html>
# This is free software: you are free to change and redistribute it.
# There is NO WARRANTY, to the extent permitted by law.

# Make data base, printed on Sun Jun 26 21:38:25 2022

# Variables

# makefile (from 'Makefile', line 6)
OBJ = $(SRC:.cpp=.o)
# environment
GDK_BACKEND = x11
# environment
LC_ALL = C
# environment
NO_AT_BRIDGE = 1
# makefile (from 'Makefile', line 3)
SRC = gameMenu.cpp sfml.cpp
# environment
SNAP_INSTANCE_KEY = 
# environment
LC_NAME = fr_FR.UTF-8
# environment
LC_NUMERIC = fr_FR.UTF-8
# environment
VSCODE_CWD = /home/precieux
# environment
LESS_TERMCAP_me = [0m
# environment
LC_ADDRESS = fr_FR.UTF-8
# environment
GDM_LANG = fr_FR.UTF-8
# default
MAKE_COMMAND := make
# automatic
@D = $(patsubst %/,%,$(dir $@))
# environment
SNAP_INSTANCE_NAME = code-insiders
# environment
GDK_PIXBUF_MODULEDIR = /snap/code-insiders/1035/usr/lib/x86_64-linux-gnu/gdk-pixbuf-2.0/2.10.0/loaders
# environment
VSCODE_HANDLES_UNCAUGHT_ERRORS = true
# default
.VARIABLES := 
# environment
PWD = /home/precieux/B-YEP-410-COT-4-1-zappy-michel-cliff.ogoudedji/src/menu
# automatic
%D = $(patsubst %/,%,$(dir $%))
# environment
MAIL = /var/spool/mail/precieux
# environment
XDG_DATA_DIRS = /home/precieux/.local/share/flatpak/exports/share:/var/lib/flatpak/exports/share:/usr/local/share/:/usr/share/:/var/lib/snapd/desktop
# environment
OLDPWD = /home/precieux
# automatic
^D = $(patsubst %/,%,$(dir $^))
# automatic
%F = $(notdir $%)
# environment
VSCODE_CODE_CACHE_PATH = /home/precieux/.config/Code - Insiders/CachedData/173f4bea73601a31859372b409cac2c20fa91194
# environment
LANG = C
# environment
XAUTHORITY = /run/user/1000/.mutter-Xwaylandauth.ROSKO1
# default
.LOADED := 
# environment
LESS_TERMCAP_md = [01;32m
# default
.INCLUDE_DIRS = /usr/include /usr/local/include /usr/include
# makefile
MAKEFLAGS = pqrR
# environment
LESS_TERMCAP_so = [01;47;34m
# environment
DBUS_STARTER_ADDRESS = unix:path=/run/user/1000/bus,guid=897905bb831141a59c624adc62b837db
# makefile
CURDIR := /home/precieux/B-YEP-410-COT-4-1-zappy-michel-cliff.ogoudedji/src/menu
# environment
APPLICATION_INSIGHTS_NO_DIAGNOSTIC_CHANNEL = 1
# automatic
*D = $(patsubst %/,%,$(dir $*))
# environment
LESS_TERMCAP_ue = [0m
# environment
MFLAGS = -pqrR
# environment
SSH_AUTH_SOCK = /run/user/1000/keyring/ssh
# default
.SHELLFLAGS := -c
# environment
WAYLAND_DISPLAY = wayland-0
# automatic
+D = $(patsubst %/,%,$(dir $+))
# environment
P9K_SSH = 0
# environment
XDG_SESSION_DESKTOP = gnome
# makefile (from 'Makefile', line 1)
MAKEFILE_LIST := Makefile
# environment
SNAP_REEXEC = 
# automatic
@F = $(notdir $@)
# environment
VSCODE_PID = 1703
# environment
MOZ_ENABLE_WAYLAND = 1
# environment
XDG_SESSION_TYPE = wayland
# automatic
?D = $(patsubst %/,%,$(dir $?))
# environment
BAMF_DESKTOP_FILE_HINT = /var/lib/snapd/desktop/applications/code-insiders_code-insiders.desktop
# environment
SESSION_MANAGER = local/precieux:@/tmp/.ICE-unix/1226,unix/precieux:/tmp/.ICE-unix/1226
# automatic
*F = $(notdir $*)
# environment
QT_QPA_PLATFORMTHEME = gnome
# environment
CHROME_DESKTOP = code-insiders-url-handler.desktop
# environment
INSIDE_NAUTILUS_PYTHON = 
# environment
DBUS_SESSION_BUS_ADDRESS = unix:path=/run/user/1000/bus,guid=897905bb831141a59c624adc62b837db
# automatic
<D = $(patsubst %/,%,$(dir $<))
# environment
VSCODE_NLS_CONFIG = {"locale":"fr","availableLanguages":{"*":"fr"},"_languagePackId":"d6e9c742e72ad9297eb8792545d30fc0.fr","_translationsConfigFile":"/home/precieux/.config/Code - Insiders/clp/d6e9c742e72ad9297eb8792545d30fc0.fr/tcf.json","_cacheRoot":"/home/precieux/.config/Code - Insiders/clp/d6e9c742e72ad9297eb8792545d30fc0.fr","_resolvedLanguagePackCoreLocation":"/home/precieux/.config/Code - Insiders/clp/d6e9c742e72ad9297eb8792545d30fc0.fr/173f4bea73601a31859372b409cac2c20fa91194","_corruptedFile":"/home/precieux/.config/Code - Insiders/clp/d6e9c742e72ad9297eb8792545d30fc0.fr/corrupted.info","_languagePackSupport":true}
# default
MAKE_HOST := x86_64-pc-linux-gnu
# makefile
SHELL = /bin/sh
# environment
LESS_TERMCAP_us = [01;36m
# default
MAKECMDGOALS := all
# environment
XMODIFIERS = @im=ibus
# environment
SHLVL = 1
# environment
MAKELEVEL := 0
# default
MAKE = $(MAKE_COMMAND)
# environment
SNAP_COOKIE = AK65xtI6kWXknHy0KLcnCXzr9tA7Muny5mYKjFOGmYpD96x5ecGK
# environment
PATH = /home/precieux/.local/bin:/usr/local/bin:/usr/bin:/var/lib/snapd/snap/bin:/usr/local/sbin:/usr/bin/site_perl:/usr/bin/vendor_perl:/usr/bin/core_perl
# environment
LESS_TERMCAP_se = [0m
# default
MAKEFILES := 
# environment
LC_MONETARY = fr_FR.UTF-8
# environment
MOTD_SHOWN = pam
# automatic
^F = $(notdir $^)
# environment
SNAP_USER_COMMON = /home/precieux/snap/code-insiders/common
# environment
LC_TIME = fr_FR.UTF-8
# environment
LESS_TERMCAP_mb = [01;32m
# environment
SNAP = /snap/code-insiders/1035
# environment
INVOCATION_ID = d6d28d07000c419b9baa7a17e2e634f2
# environment
SNAP_REVISION = 1035
# environment
SNAP_REAL_HOME = /home/precieux
# environment
USERNAME = precieux
# environment
GNOME_SETUP_DISPLAY = :1
# environment
LC_TELEPHONE = fr_FR.UTF-8
# automatic
?F = $(notdir $?)
# makefile (from 'Makefile', line 1)
NAME = gameMenu
# environment
DESKTOP_AUTOSTART_ID = 10f2efa156e14bf8d1165624009251330300000012260020
# environment
XDG_CURRENT_DESKTOP = GNOME
# environment
LS_COLORS = 
# automatic
+F = $(notdir $+)
# environment
LESS = -R
# environment
DESKTOP_SESSION = gnome
# environment
ORIGINAL_XDG_CURRENT_DESKTOP = GNOME
# 'override' directive
GNUMAKEFLAGS := 
# environment
LOGNAME = precieux
# environment
GIO_LAUNCHED_DESKTOP_FILE = /var/lib/snapd/desktop/applications/code-insiders_code-insiders.desktop
# environment
SNAP_ARCH = amd64
# makefile
.DEFAULT_GOAL := all
# environment
SYSTEMD_EXEC_PID = 1226
# environment
EDITOR = /usr/bin/nano
# environment
DISPLAY = :0
# environment
USER = precieux
# default
MAKE_VERSION := 4.3
# environment
DISABLE_WAYLAND = 1
# environment
SNAP_DATA = /var/snap/code-insiders/1035
# environment
SNAP_CONTEXT = AK65xtI6kWXknHy0KLcnCXzr9tA7Muny5mYKjFOGmYpD96x5ecGK
# makefile (from 'Makefile', line 10)
LDFLAGS = -lsfml-graphics -lsfml-window -lsfml-audio -lsfml-system -lm
# environment
MANAGERPID = 1161
# environment
DBUS_STARTER_BUS_TYPE = session
# environment
LC_MEASUREMENT = fr_FR.UTF-8
# environment
DEBUGINFOD_URLS = https://debuginfod.archlinux.org 
# environment
GIO_LAUNCHED_DESKTOP_FILE_PID = 19142
# environment
QT_STYLE_OVERRIDE = kvantum
# environment
_ = /usr/bin/make
# environment
LC_PAPER = fr_FR.UTF-8
# environment
XDG_RUNTIME_DIR = /run/user/1000
# makefile (from 'Makefile', line 8)
CFLAGS = -Werror -Wextra -Wall -std=c++20
# environment
GDK_PIXBUF_MODULE_FILE = /home/precieux/snap/code-insiders/common/.cache/gdk-pixbuf-loaders.cache
# environment
JOURNAL_STREAM = 8:25841
# environment
XDG_SESSION_CLASS = user
# environment
VSCODE_AMD_ENTRYPOINT = vs/workbench/api/node/extensionHostProcess
# environment
HOME = /home/precieux
# environment
QT_IM_MODULE = ibus
# environment
ELECTRON_RUN_AS_NODE = 1
# environment
VSCODE_IPC_HOOK = /run/user/1000/vscode-79abb4b4-1.69.0-insider-main.sock
# environment
SNAP_NAME = code-insiders
# environment
GSETTINGS_SCHEMA_DIR = /snap/code-insiders/1035/usr/share/glib-2.0/schemas
# default
.RECIPEPREFIX := 
# automatic
<F = $(notdir $<)
# environment
SNAP_VERSION = 173f4bea
# default
SUFFIXES := 
# environment
QT_AUTO_SCREEN_SCALE_FACTOR = 1
# environment
VSCODE_CLI = 1
 
# environment
ELECTRON_NO_ATTACH_CONSOLE = 1
# environment
SNAP_COMMON = /var/snap/code-insiders/common
# environment
LS_OPTIONS = --color=auto
# default
.FEATURES := target-specific order-only second-expansion else-if shortest-stem undefine oneshell nocomment grouped-target extra-prereqs archives jobserver output-sync check-symlink guile load
# environment
SNAP_USER_DATA = /home/precieux/snap/code-insiders/1035
# environment
XDG_MENU_PREFIX = gnome-
# environment
GDMSESSION = gnome
# environment
PKGFILE_PROMPT_INSTALL_MISSING = 1
# environment
LC_IDENTIFICATION = fr_FR.UTF-8
# environment
SNAP_LIBRARY_PATH = /var/lib/snapd/lib/gl:/var/lib/snapd/lib/gl32:/var/lib/snapd/void
# variable set hash-table stats:
# Load=145/1024=14%, Rehash=0, Collisions=20/177=11%

# Pattern-specific Variable Values

# No pattern-specific variable values.

# Directories

# . (device 2072, inode 33951706): 12 files, no impossibilities.

# 12 files, no impossibilities in 1 directories.

# Implicit Rules

# No implicit rules.

# Files

# Not a target:
Makefile:
#  Implicit rule search has been done.
#  Last modified 2022-06-25 22:55:38.670487
#  File has been updated.
#  Successfully updated.

clean:
#  Phony target (prerequisite of .PHONY).
#  Implicit rule search has not been done.
#  File does not exist.
#  File has not been updated.
#  recipe to execute (from 'Makefile', line 16):
		rm -f $(OBJ)

# Not a target:
sfml.o:
#  Implicit rule search has not been done.
#  Modification time never checked.
#  File has not been updated.

re: fclean all
#  Phony target (prerequisite of .PHONY).
#  Implicit rule search has not been done.
#  File does not exist.
#  File has not been updated.

# Not a target:
.DEFAULT:
#  Implicit rule search has not been done.
#  Modification time never checked.
#  File has not been updated.

all: gameMenu.o sfml.o
#  Phony target (prerequisite of .PHONY).
#  Command line target.
#  Implicit rule search has not been done.
#  File does not exist.
#  File has not been updated.
#  recipe to execute (from 'Makefile', line 13):
		gcc $(CFLAGS) -o $(NAME) $(SRC) $(CPPFLAGS) $(LDFLAGS)

fclean: clean
#  Phony target (prerequisite of .PHONY).
#  Implicit rule search has not been done.
#  File does not exist.
#  File has not been updated.
#  recipe to execute (from 'Makefile', line 19):
		rm -f $(NAME)

# Not a target:
gameMenu.o:
#  Implicit rule search has been done.
#  File does not exist.
#  File has not been updated.

.PHONY: all clean fclean re
#  Implicit rule search has not been done.
#  Modification time never checked.
#  File has not been updated.

# files hash-table stats:
# Load=10/1024=1%, Rehash=0, Collisions=0/30=0%
# VPATH Search Paths

# No 'vpath' search paths.

# No general ('VPATH' variable) search path.

# strcache buffers: 1 (0) / strings = 23 / storage = 229 B / avg = 9 B
# current buf: size = 8162 B / used = 229 B / count = 23 / avg = 9 B

# strcache performance: lookups = 40 / hit rate = 42%
# hash-table stats:
# Load=23/8192=0%, Rehash=0, Collisions=0/40=0%
# Finished Make data base on Sun Jun 26 21:38:25 2022

 
